Time resolution is 1 ps
Sample ...          0
Min now is:  2147483647
Max now is: -2147483648
Sample ...          1
Max now is:      196608
Sample ...          2
Min now is:      196608
Sample ...          3
Sample ...          4
Sample ...          5
Sample ...          6
Sample ...          7
Sample ...          8
Sample ...          9
Sample ...         10
Sample ...         11
Sample ...         12
Min now is:           0
Sample ...         13
Sample ...         14
Sample ...         15
Sample ...         16
Min now is:      -65536
Sample ...         17
Sample ...         18
Sample ...         19
Sample ...         20
Sample ...         21
Sample ...         22
Sample ...         23
Sample ...         24
Sample ...         25
Min now is:     -131072
Sample ...         26
Sample ...         27
Sample ...         28
Sample ...         29
Sample ...         30
Sample ...         31
Sample ...         32
Sample ...         33
Min now is:     -262144
Sample ...         34
Min now is:     -393216
Sample ...         35
Sample ...         36
Sample ...         37
Sample ...         38
Sample ...         39
Sample ...         40
Min now is:     -458752
Sample ...         41
Sample ...         42
Min now is:     -524288
Sample ...         43
Sample ...         44
Sample ...         45
Sample ...         46
Sample ...         47
Min now is:     -589824
Sample ...         48
Min now is:     -720896
Sample ...         49
Sample ...         50
Sample ...         51
Sample ...         52
Sample ...         53
Sample ...         54
Sample ...         55
Sample ...         56
Sample ...         57
Min now is:     -851968
Sample ...         58
Sample ...         59
Sample ...         60
Sample ...         61
Sample ...         62
Sample ...         63
Min now is:     -917504
Sample ...         64
Sample ...         65
Min now is:    -1048576
Sample ...         66
Sample ...         67
Sample ...         68
Sample ...         69
Sample ...         70
Sample ...         71
Sample ...         72
Sample ...         73
Sample ...         74
Sample ...         75
Sample ...         76
Sample ...         77
Sample ...         78
Sample ...         79
Min now is:    -1245184
Sample ...         80
Sample ...         81
Sample ...         82
Sample ...         83
Sample ...         84
Sample ...         85
Sample ...         86
Sample ...         87
Sample ...         88
Min now is:    -1376256
Sample ...         89
Sample ...         90
Sample ...         91
Sample ...         92
Sample ...         93
Min now is:    -1441792
Sample ...         94
Sample ...         95
Sample ...         96
Sample ...         97
Min now is:    -1507328
Sample ...         98
Sample ...         99
Sample ...        100
Maximum:      458752, Minimum:    -1769472
$finish called at time : 1055 ns : File "C:/Users/lien/Desktop/EEE4120F_YODA_GROUP_16/Vivado/eee4120f_yoda_spm.srcs/sim_1/imports/MILESTONE 2/basic_min_max_tb.v" Line 135
